\\vboxsvr\downloads\informatik_4_projekt\source\complex_calculator\complex_calculator\debug\vc141.pdb
\\vboxsvr\downloads\informatik_4_projekt\source\complex_calculator\complex_calculator\debug\vc141.idb
\\vboxsvr\downloads\informatik_4_projekt\source\complex_calculator\complex_calculator\debug\complex_calculator.obj
\\vboxsvr\downloads\informatik_4_projekt\source\complex_calculator\complex_calculator\debug\console_handler.obj
\\vboxsvr\downloads\informatik_4_projekt\source\complex_calculator\complex_calculator\debug\complex.obj
c:\users\maximilian klug\desktop\informatik_4_projekt\source\complex_calculator\complex_calculator\debug\vc141.pdb
c:\users\maximilian klug\desktop\informatik_4_projekt\source\complex_calculator\complex_calculator\debug\vc141.idb
c:\users\maximilian klug\desktop\informatik_4_projekt\source\complex_calculator\complex_calculator\debug\xml_io.obj
c:\users\maximilian klug\desktop\informatik_4_projekt\source\complex_calculator\complex_calculator\debug\console_handler.obj
c:\users\maximilian klug\desktop\informatik_4_projekt\source\complex_calculator\complex_calculator\debug\complex_calculator.obj
c:\users\maximilian klug\desktop\informatik_4_projekt\source\complex_calculator\complex_calculator\debug\complex.obj
\\vboxsvr\downloads\informatik_4_projekt\source\complex_calculator\debug\complex_calculator.pdb
c:\users\maximilian klug\desktop\informatik_4_projekt\source\complex_calculator\debug\complex_calculator.pdb
c:\users\maximilian klug\desktop\informatik_4_projekt\source\complex_calculator\complex_calculator\debug\complex_.16fa59ed.tlog\cl.command.1.tlog
c:\users\maximilian klug\desktop\informatik_4_projekt\source\complex_calculator\complex_calculator\debug\complex_.16fa59ed.tlog\cl.read.1.tlog
c:\users\maximilian klug\desktop\informatik_4_projekt\source\complex_calculator\complex_calculator\debug\complex_.16fa59ed.tlog\cl.write.1.tlog
c:\users\maximilian klug\desktop\informatik_4_projekt\source\complex_calculator\complex_calculator\debug\complex_.16fa59ed.tlog\link-cvtres.read.1.tlog
c:\users\maximilian klug\desktop\informatik_4_projekt\source\complex_calculator\complex_calculator\debug\complex_.16fa59ed.tlog\link-cvtres.write.1.tlog
c:\users\maximilian klug\desktop\informatik_4_projekt\source\complex_calculator\complex_calculator\debug\complex_.16fa59ed.tlog\link-rc.read.1.tlog
c:\users\maximilian klug\desktop\informatik_4_projekt\source\complex_calculator\complex_calculator\debug\complex_.16fa59ed.tlog\link-rc.write.1.tlog
c:\users\maximilian klug\desktop\informatik_4_projekt\source\complex_calculator\complex_calculator\debug\complex_.16fa59ed.tlog\link.command.1.tlog
c:\users\maximilian klug\desktop\informatik_4_projekt\source\complex_calculator\complex_calculator\debug\complex_.16fa59ed.tlog\link.read.1.tlog
c:\users\maximilian klug\desktop\informatik_4_projekt\source\complex_calculator\complex_calculator\debug\complex_.16fa59ed.tlog\link.write.1.tlog
